<?xml version="1.0" encoding="UTF-8"?>
<!-- Generated by org.testng.reporters.JUnitReportReporter -->
<testsuite hostname="EPAMYERW0139" name="com.epam.mentoring.calculator.TestSum" tests="8" failures="0" timestamp="7 Jul 2018 13:41:55 GMT" time="0.007" errors="0">
  <testcase name="sumTest" time="0.001" classname="com.epam.mentoring.calculator.TestSum"/>
  <testcase name="sumTest" time="0.000" classname="com.epam.mentoring.calculator.TestSum"/>
  <testcase name="sumTest" time="0.001" classname="com.epam.mentoring.calculator.TestSum"/>
  <testcase name="sumTest" time="0.001" classname="com.epam.mentoring.calculator.TestSum"/>
  <testcase name="sumTest" time="0.003" classname="com.epam.mentoring.calculator.TestSum"/>
  <testcase name="sumTest" time="0.000" classname="com.epam.mentoring.calculator.TestSum"/>
  <testcase name="sumTest" time="0.000" classname="com.epam.mentoring.calculator.TestSum"/>
  <testcase name="sumTest" time="0.001" classname="com.epam.mentoring.calculator.TestSum"/>
</testsuite> <!-- com.epam.mentoring.calculator.TestSum -->
