<?xml version="1.0" encoding="UTF-8"?>
<!-- Generated by org.testng.reporters.JUnitReportReporter -->
<testsuite hostname="EPAMYERW0139" name="com.epam.mentoring.calculator.PowTest" tests="4" failures="0" timestamp="7 Jul 2018 13:41:55 GMT" time="0.004" errors="0">
  <testcase name="powTest" time="0.001" classname="com.epam.mentoring.calculator.PowTest"/>
  <testcase name="powTest" time="0.001" classname="com.epam.mentoring.calculator.PowTest"/>
  <testcase name="powTest" time="0.001" classname="com.epam.mentoring.calculator.PowTest"/>
  <testcase name="powTest" time="0.001" classname="com.epam.mentoring.calculator.PowTest"/>
</testsuite> <!-- com.epam.mentoring.calculator.PowTest -->
