<?xml version="1.0" encoding="UTF-8"?>
<!-- Generated by org.testng.reporters.JUnitReportReporter -->
<testsuite hostname="EPAMYERW0139" name="com.epam.mentoring.calculator.TestSubLong" tests="5" failures="0" timestamp="7 Jul 2018 13:41:55 GMT" time="0.004" errors="0">
  <testcase name="subLongTest" time="0.001" classname="com.epam.mentoring.calculator.TestSubLong"/>
  <testcase name="subLongTest" time="0.001" classname="com.epam.mentoring.calculator.TestSubLong"/>
  <testcase name="subLongTest" time="0.000" classname="com.epam.mentoring.calculator.TestSubLong"/>
  <testcase name="subLongTest" time="0.001" classname="com.epam.mentoring.calculator.TestSubLong"/>
  <testcase name="subLongTest" time="0.001" classname="com.epam.mentoring.calculator.TestSubLong"/>
</testsuite> <!-- com.epam.mentoring.calculator.TestSubLong -->
