<?xml version="1.0" encoding="UTF-8"?>
<!-- Generated by org.testng.reporters.JUnitReportReporter -->
<testsuite hostname="EPAMYERW0139" name="com.epam.mentoring.calculator.IsPositiveTest" tests="2" failures="0" timestamp="7 Jul 2018 13:41:55 GMT" time="0.002" errors="0">
  <testcase name="isPositive" time="0.001" classname="com.epam.mentoring.calculator.IsPositiveTest"/>
  <testcase name="isPositive" time="0.001" classname="com.epam.mentoring.calculator.IsPositiveTest"/>
</testsuite> <!-- com.epam.mentoring.calculator.IsPositiveTest -->
