<?xml version="1.0" encoding="UTF-8"?>
<!-- Generated by org.testng.reporters.JUnitReportReporter -->
<testsuite hostname="EPAMYERW0139" name="com.epam.mentoring.calculator.MultLong" tests="4" failures="0" timestamp="7 Jul 2018 13:41:55 GMT" time="0.005" errors="0">
  <testcase name="multLong" time="0.002" classname="com.epam.mentoring.calculator.MultLong"/>
  <testcase name="multLong" time="0.001" classname="com.epam.mentoring.calculator.MultLong"/>
  <testcase name="multLong" time="0.001" classname="com.epam.mentoring.calculator.MultLong"/>
  <testcase name="multLong" time="0.001" classname="com.epam.mentoring.calculator.MultLong"/>
</testsuite> <!-- com.epam.mentoring.calculator.MultLong -->
