<?xml version="1.0" encoding="UTF-8"?>
<!-- Generated by org.testng.reporters.JUnitReportReporter -->
<testsuite hostname="EPAMYERW0139" name="com.epam.mentoring.calculator.MultDouble" tests="4" failures="0" timestamp="7 Jul 2018 13:58:13 GMT" time="0.011" errors="0">
  <testcase name="multDouble" time="0.001" classname="com.epam.mentoring.calculator.MultDouble"/>
  <testcase name="multDouble" time="0.005" classname="com.epam.mentoring.calculator.MultDouble"/>
  <testcase name="multDouble" time="0.003" classname="com.epam.mentoring.calculator.MultDouble"/>
  <testcase name="multDouble" time="0.002" classname="com.epam.mentoring.calculator.MultDouble"/>
</testsuite> <!-- com.epam.mentoring.calculator.MultDouble -->
